c:\users\djoiner\documents\visual studio 2017\projects\unitydllexample\unitydllexample\release\unitydllexample.pch
c:\users\djoiner\documents\visual studio 2017\projects\unitydllexample\unitydllexample\release\vc141.pdb
c:\users\djoiner\documents\visual studio 2017\projects\unitydllexample\unitydllexample\release\stdafx.obj
c:\users\djoiner\documents\visual studio 2017\projects\unitydllexample\unitydllexample\release\dllmain.obj
c:\users\djoiner\documents\visual studio 2017\projects\unitydllexample\unitydllexample\release\unitydllexample.obj
c:\users\djoiner\documents\visual studio 2017\projects\unitydllexample\release\unitydllexample.dll
c:\users\djoiner\documents\visual studio 2017\projects\unitydllexample\release\unitydllexample.pdb
c:\users\djoiner\documents\visual studio 2017\projects\unitydllexample\release\unitydllexample.ipdb
c:\users\djoiner\documents\visual studio 2017\projects\unitydllexample\release\unitydllexample.iobj
c:\users\djoiner\documents\externalmodeltemplate\unitydllexample\unitydllexample\release\dllmain.obj
c:\users\djoiner\documents\externalmodeltemplate\unitydllexample\unitydllexample\release\stdafx.obj
c:\users\djoiner\documents\externalmodeltemplate\unitydllexample\unitydllexample\release\unitydllexample.obj
c:\users\djoiner\documents\externalmodeltemplate\unitydllexample\unitydllexample\release\unitydllexample.pch
c:\users\djoiner\documents\externalmodeltemplate\unitydllexample\unitydllexample\release\vc141.pdb
c:\users\djoiner\documents\externalmodeltemplate\unitydllexample\release\unitydllexample.pdb
c:\users\djoiner\documents\externalmodeltemplate\unitydllexample\unitydllexample\release\unitydllexample.tlog\cl.command.1.tlog
c:\users\djoiner\documents\externalmodeltemplate\unitydllexample\unitydllexample\release\unitydllexample.tlog\cl.read.1.tlog
c:\users\djoiner\documents\externalmodeltemplate\unitydllexample\unitydllexample\release\unitydllexample.tlog\cl.write.1.tlog
c:\users\djoiner\documents\externalmodeltemplate\unitydllexample\unitydllexample\release\unitydllexample.tlog\link.command.1.tlog
c:\users\djoiner\documents\externalmodeltemplate\unitydllexample\unitydllexample\release\unitydllexample.tlog\link.read.1.tlog
c:\users\djoiner\documents\externalmodeltemplate\unitydllexample\unitydllexample\release\unitydllexample.tlog\link.write.1.tlog
c:\users\djoiner\documents\externalmodeltemplate\unitydllexample\unitydllexample\release\unitydllexample.tlog\unitydllexample.write.1u.tlog
